    ======  ======
    Time:20.06.2016 18:31:58
    Title: Initiate log
    Message: 
    Time:20.06.2016 18:31:58
    Title: Initiate InternalManager
    Message: Trying to Validate License
    Time:20.06.2016 18:31:58
    Title: Requesting EVT
    Message: EVTP
    Time:20.06.2016 18:31:58
    Title: Requesting Validation
    Message: ILMValidate
    Time:20.06.2016 18:31:58
    Title: LICENSER
    Message: TRL MODE
    Time:20.06.2016 18:31:58
    Title: LICENSER
    Message: DS LEFT16
    Time:20.06.2016 18:31:58
    Title: LICENSER
    Message: DT MARK PASSED16.00:00:00
    Time:20.06.2016 18:31:58
    Title: Requesting Validation
    Message: ILMValidate True
    Time:20.06.2016 18:31:58
    Title: Requesting Validation
    Message: ILMValidate True Trial
   Message: DS LEFT16
    Time:20.06.2016 18:31:38
    Title: LICENSER
    Message: DT MARK PASSED16.00:00:00
    Time:20.06.2016 18:31:44
    Title: Requesting Validation
    Message: ILMValidate True
    Time:20.06.2016 18:31:44
    Title: Requesting Validation
    Message: ILMValidate True Trial
