    ======  ======
    Time:13.06.2016 21:00:39
    Title: Initiate log
    Message: 
    Time:13.06.2016 21:00:39
    Title: Initiate InternalManager
    Message: Trying to Validate License
    Time:13.06.2016 21:00:39
    Title: Requesting EVT
    Message: EVTP
    Time:13.06.2016 21:00:39
    Title: Requesting Validation
    Message: ILMValidate
    Time:13.06.2016 21:00:39
    Title: LICENSER
    Message: TRL MODE
    Time:13.06.2016 21:00:39
    Title: LICENSER
    Message: DS LEFT23
    Time:13.06.2016 21:00:39
    Title: LICENSER
    Message: DT MARK PASSED23.00:00:00
    Time:13.06.2016 21:00:39
    Title: Requesting Validation
    Message: ILMValidate True
    Time:13.06.2016 21:00:39
    Title: Requesting Validation
    Message: ILMValidate True Trial

    Message: EVTP
    Time:13.06.2016 20:59:31
    Title: Requesting Validation
    Message: ILMValidate
    Time:13.06.2016 20:59:31
    Title: LICENSER
    Message: TRL MODE
    Time:13.06.2016 20:59:31
    Title: LICENSER
    Message: DS LEFT23
    Time:13.06.2016 20:59:31
    Title: LICENSER
    Message: DT MARK PASSED23.00:00:00
    Time:13.06.2016 20:59:34
    Title: Requesting Validation
    Message: ILMValidate True
    Time:13.06.2016 20:59:34
    Title: Requesting Validation
    Message: ILMValidate True Trial
