    ======  ======
    Time:26/06/2016 22:12:30
    Title: Initiate log
    Message: 
    Time:26/06/2016 22:12:30
    Title: Initiate InternalManager
    Message: Trying to Validate License
    Time:26/06/2016 22:12:30
    Title: Requesting EVT
    Message: EVTP
    Time:26/06/2016 22:12:30
    Title: Requesting Validation
    Message: ILMValidate
    Time:26/06/2016 22:12:30
    Title: LICENSER
    Message: TRL MODE
    Time:26/06/2016 22:12:30
    Title: LICENSER
    Message: DS LEFT10
    Time:26/06/2016 22:12:30
    Title: LICENSER
    Message: DT MARK PASSED10.00:00:00
    Time:26/06/2016 22:12:30
    Title: Requesting Validation
    Message: ILMValidate True
    Time:26/06/2016 22:12:30
    Title: Requesting Validation
    Message: ILMValidate True Trial
   Message: DS LEFT10
    Time:26/06/2016 22:12:10
    Title: LICENSER
    Message: DT MARK PASSED10.00:00:00
    Time:26/06/2016 22:12:13
    Title: Requesting Validation
    Message: ILMValidate True
    Time:26/06/2016 22:12:13
    Title: Requesting Validation
    Message: ILMValidate True Trial
